<?xml version="1.0" encoding="UTF-8"?>
<testsuite name="com.snailcatch.server.ServerApplicationTests" tests="1" skipped="0" failures="0" errors="0" timestamp="2025-06-11T19:30:53.042Z" hostname="sinminseog-ui-MacBookPro.local" time="0.242">
  <properties/>
  <testcase name="contextLoads()" classname="com.snailcatch.server.ServerApplicationTests" time="0.242"/>
  <system-out><![CDATA[04:30:49.889 [Test worker] INFO org.springframework.test.context.support.AnnotationConfigContextLoaderUtils -- Could not detect default configuration classes for test class [com.snailcatch.server.ServerApplicationTests]: ServerApplicationTests does not declare any static, non-private, non-final, nested classes annotated with @Configuration.
04:30:49.941 [Test worker] INFO org.springframework.boot.test.context.SpringBootTestContextBootstrapper -- Found @SpringBootConfiguration com.snailcatch.server.ServerApplication for test class com.snailcatch.server.ServerApplicationTests

  .   ____          _            __ _ _
 /\\ / ___'_ __ _ _(_)_ __  __ _ \ \ \ \
( ( )\___ | '_ | '_| | '_ \/ _` | \ \ \ \
 \\/  ___)| |_)| | | | | || (_| |  ) ) ) )
  '  |____| .__|_| |_|_| |_\__, | / / / /
 =========|_|==============|___/=/_/_/_/

 :: Spring Boot ::                (v3.5.0)

2025-06-12 04:30:50.183 [Test worker] INFO  c.s.server.ServerApplicationTests - Starting ServerApplicationTests using Java 21.0.5 with PID 50165 (started by sinminseok12 in /Users/sinminseok12/Desktop/SnailCatch/server)
2025-06-12 04:30:50.190 [Test worker] INFO  c.s.server.ServerApplicationTests - No active profile set, falling back to 1 default profile: "default"
2025-06-12 04:30:50.469 [Test worker] INFO  o.s.d.r.c.RepositoryConfigurationDelegate - Multiple Spring Data modules found, entering strict repository configuration mode
2025-06-12 04:30:50.469 [Test worker] INFO  o.s.d.r.c.RepositoryConfigurationDelegate - Bootstrapping Spring Data MongoDB repositories in DEFAULT mode.
2025-06-12 04:30:50.524 [Test worker] INFO  o.s.d.r.c.RepositoryConfigurationDelegate - Finished Spring Data repository scanning in 51 ms. Found 1 MongoDB repository interface.
2025-06-12 04:30:50.525 [Test worker] INFO  o.s.d.r.c.RepositoryConfigurationDelegate - Multiple Spring Data modules found, entering strict repository configuration mode
2025-06-12 04:30:50.525 [Test worker] INFO  o.s.d.r.c.RepositoryConfigurationDelegate - Bootstrapping Spring Data JPA repositories in DEFAULT mode.
2025-06-12 04:30:50.531 [Test worker] INFO  o.s.d.r.c.RepositoryConfigurationDelegate - Finished Spring Data repository scanning in 3 ms. Found 1 JPA repository interface.
2025-06-12 04:30:50.950 [Test worker] INFO  o.h.jpa.internal.util.LogHelper - HHH000204: Processing PersistenceUnitInfo [name: default]
2025-06-12 04:30:50.970 [Test worker] INFO  org.hibernate.Version - HHH000412: Hibernate ORM core version 6.6.15.Final
2025-06-12 04:30:50.984 [Test worker] INFO  o.h.c.i.RegionFactoryInitiator - HHH000026: Second-level cache disabled
2025-06-12 04:30:51.194 [Test worker] INFO  o.s.o.j.p.SpringPersistenceUnitInfo - No LoadTimeWeaver setup: ignoring JPA class transformer
2025-06-12 04:30:51.214 [Test worker] INFO  com.zaxxer.hikari.HikariDataSource - HikariPool-1 - Starting...
2025-06-12 04:30:51.380 [Test worker] INFO  com.zaxxer.hikari.pool.HikariPool - HikariPool-1 - Added connection com.mysql.cj.jdbc.ConnectionImpl@332fa6ce
2025-06-12 04:30:51.381 [Test worker] INFO  com.zaxxer.hikari.HikariDataSource - HikariPool-1 - Start completed.
2025-06-12 04:30:51.404 [Test worker] WARN  org.hibernate.orm.deprecation - HHH90000025: MySQLDialect does not need to be specified explicitly using 'hibernate.dialect' (remove the property setting and it will be selected by default)
2025-06-12 04:30:51.413 [Test worker] INFO  o.hibernate.orm.connections.pooling - HHH10001005: Database info:
	Database JDBC URL [Connecting through datasource 'HikariDataSource (HikariPool-1)']
	Database driver: undefined/unknown
	Database version: 8.0.27
	Autocommit mode: undefined/unknown
	Isolation level: undefined/unknown
	Minimum pool size: undefined/unknown
	Maximum pool size: undefined/unknown
2025-06-12 04:30:51.727 [Test worker] INFO  o.h.e.t.j.p.i.JtaPlatformInitiator - HHH000489: No JTA platform available (set 'hibernate.transaction.jta.platform' to enable JTA platform integration)
2025-06-12 04:30:51.751 [Test worker] INFO  o.s.o.j.LocalContainerEntityManagerFactoryBean - Initialized JPA EntityManagerFactory for persistence unit 'default'
2025-06-12 04:30:51.966 [cluster-ClusterId{value='6849d96b3137a4b07eaf6925', description='Cluster0'}-srv-cluster0.kngkt.mongodb.net] INFO  org.mongodb.driver.cluster - Adding discovered server cluster0-shard-00-01.kngkt.mongodb.net:27017 to client view of cluster
2025-06-12 04:30:51.968 [Test worker] INFO  org.mongodb.driver.client - MongoClient with metadata {"application": {"name": "Cluster0"}, "driver": {"name": "mongo-java-driver|sync|spring-boot", "version": "5.4.0"}, "os": {"type": "Darwin", "name": "Mac OS X", "architecture": "aarch64", "version": "15.3.1"}, "platform": "Java/Oracle Corporation/21.0.5+9-LTS-239"} created with settings MongoClientSettings{readPreference=primary, writeConcern=WriteConcern{w=majority, wTimeout=null ms, journal=null}, retryWrites=true, retryReads=true, readConcern=ReadConcern{level=null}, credential=MongoCredential{mechanism=null, userName='sin1768', source='admin', password=<hidden>, mechanismProperties=<hidden>}, transportSettings=null, commandListeners=[io.micrometer.core.instrument.binder.mongodb.MongoMetricsCommandListener@269a37bc], codecRegistry=ProvidersCodecRegistry{codecProviders=[ValueCodecProvider{}, BsonValueCodecProvider{}, DBRefCodecProvider{}, DBObjectCodecProvider{}, DocumentCodecProvider{}, CollectionCodecProvider{}, IterableCodecProvider{}, MapCodecProvider{}, GeoJsonCodecProvider{}, GridFSFileCodecProvider{}, Jsr310CodecProvider{}, JsonObjectCodecProvider{}, BsonCodecProvider{}, EnumCodecProvider{}, com.mongodb.client.model.mql.ExpressionCodecProvider@50c9b080, com.mongodb.Jep395RecordCodecProvider@2ea8f277, com.mongodb.KotlinCodecProvider@7244b40e]}, loggerSettings=LoggerSettings{maxDocumentLength=1000}, clusterSettings={hosts=[127.0.0.1:27017], srvHost=cluster0.kngkt.mongodb.net, srvServiceName=mongodb, mode=MULTIPLE, requiredClusterType=REPLICA_SET, requiredReplicaSetName='atlas-ln598u-shard-0', serverSelector='null', clusterListeners='[]', serverSelectionTimeout='30000 ms', localThreshold='15 ms'}, socketSettings=SocketSettings{connectTimeoutMS=10000, readTimeoutMS=0, receiveBufferSize=0, proxySettings=ProxySettings{host=null, port=null, username=null, password=null}}, heartbeatSocketSettings=SocketSettings{connectTimeoutMS=10000, readTimeoutMS=10000, receiveBufferSize=0, proxySettings=ProxySettings{host=null, port=null, username=null, password=null}}, connectionPoolSettings=ConnectionPoolSettings{maxSize=500, minSize=0, maxWaitTimeMS=120000, maxConnectionLifeTimeMS=0, maxConnectionIdleTimeMS=0, maintenanceInitialDelayMS=0, maintenanceFrequencyMS=60000, connectionPoolListeners=[io.micrometer.core.instrument.binder.mongodb.MongoMetricsConnectionPoolListener@436867c3], maxConnecting=2}, serverSettings=ServerSettings{heartbeatFrequencyMS=10000, minHeartbeatFrequencyMS=500, serverMonitoringMode=AUTO, serverListeners='[]', serverMonitorListeners='[]'}, sslSettings=SslSettings{enabled=true, invalidHostNameAllowed=false, context=null}, applicationName='Cluster0', compressorList=[], uuidRepresentation=JAVA_LEGACY, serverApi=null, autoEncryptionSettings=null, dnsClient=null, inetAddressResolver=null, contextProvider=null, timeoutMS=null}
2025-06-12 04:30:51.978 [cluster-ClusterId{value='6849d96b3137a4b07eaf6925', description='Cluster0'}-srv-cluster0.kngkt.mongodb.net] INFO  org.mongodb.driver.cluster - Adding discovered server cluster0-shard-00-00.kngkt.mongodb.net:27017 to client view of cluster
2025-06-12 04:30:51.979 [cluster-ClusterId{value='6849d96b3137a4b07eaf6925', description='Cluster0'}-srv-cluster0.kngkt.mongodb.net] INFO  org.mongodb.driver.cluster - Adding discovered server cluster0-shard-00-02.kngkt.mongodb.net:27017 to client view of cluster
2025-06-12 04:30:52.011 [Test worker] WARN  o.s.data.convert.CustomConversions - Registering converter from interface java.util.List to interface org.springframework.data.domain.Vector as reading converter although it doesn't convert from a store-supported type; You might want to check your annotation setup at the converter implementation
2025-06-12 04:30:52.020 [Test worker] WARN  o.s.data.convert.CustomConversions - Registering converter from interface java.util.List to interface org.springframework.data.domain.Vector as reading converter although it doesn't convert from a store-supported type; You might want to check your annotation setup at the converter implementation
2025-06-12 04:30:52.093 [Test worker] INFO  org.mongodb.driver.cluster - Waiting for server to become available for operation with ID 5. Remaining time: 29996 ms. Selector: WritableServerSelector, topology description: {type=REPLICA_SET, servers=[{address=cluster0-shard-00-00.kngkt.mongodb.net:27017, type=UNKNOWN, state=CONNECTING}, {address=cluster0-shard-00-02.kngkt.mongodb.net:27017, type=UNKNOWN, state=CONNECTING}, {address=cluster0-shard-00-01.kngkt.mongodb.net:27017, type=UNKNOWN, state=CONNECTING}].
2025-06-12 04:30:52.222 [cluster-ClusterId{value='6849d96b3137a4b07eaf6925', description='Cluster0'}-cluster0-shard-00-01.kngkt.mongodb.net:27017] INFO  org.mongodb.driver.cluster - Monitor thread successfully connected to server with description ServerDescription{address=cluster0-shard-00-01.kngkt.mongodb.net:27017, type=REPLICA_SET_PRIMARY, cryptd=false, state=CONNECTED, ok=true, minWireVersion=0, maxWireVersion=25, maxDocumentSize=16777216, logicalSessionTimeoutMinutes=30, roundTripTimeNanos=143059750, minRoundTripTimeNanos=0, setName='atlas-ln598u-shard-0', canonicalAddress=cluster0-shard-00-01.kngkt.mongodb.net:27017, hosts=[cluster0-shard-00-01.kngkt.mongodb.net:27017, cluster0-shard-00-02.kngkt.mongodb.net:27017, cluster0-shard-00-00.kngkt.mongodb.net:27017], passives=[], arbiters=[], primary='cluster0-shard-00-01.kngkt.mongodb.net:27017', tagSet=TagSet{[Tag{name='availabilityZone', value='apne2-az3'}, Tag{name='diskState', value='READY'}, Tag{name='nodeType', value='ELECTABLE'}, Tag{name='provider', value='AWS'}, Tag{name='region', value='AP_NORTHEAST_2'}, Tag{name='workloadType', value='OPERATIONAL'}]}, electionId=7fffffff00000000000000de, setVersion=15, topologyVersion=TopologyVersion{processId=684857c20c818bb7fe2f4466, counter=6}, lastWriteDate=Thu Jun 12 04:30:52 KST 2025, lastUpdateTimeNanos=89469770111500}
2025-06-12 04:30:52.222 [cluster-ClusterId{value='6849d96b3137a4b07eaf6925', description='Cluster0'}-cluster0-shard-00-00.kngkt.mongodb.net:27017] INFO  org.mongodb.driver.cluster - Monitor thread successfully connected to server with description ServerDescription{address=cluster0-shard-00-00.kngkt.mongodb.net:27017, type=REPLICA_SET_SECONDARY, cryptd=false, state=CONNECTED, ok=true, minWireVersion=0, maxWireVersion=25, maxDocumentSize=16777216, logicalSessionTimeoutMinutes=30, roundTripTimeNanos=138897583, minRoundTripTimeNanos=0, setName='atlas-ln598u-shard-0', canonicalAddress=cluster0-shard-00-00.kngkt.mongodb.net:27017, hosts=[cluster0-shard-00-01.kngkt.mongodb.net:27017, cluster0-shard-00-02.kngkt.mongodb.net:27017, cluster0-shard-00-00.kngkt.mongodb.net:27017], passives=[], arbiters=[], primary='cluster0-shard-00-01.kngkt.mongodb.net:27017', tagSet=TagSet{[Tag{name='availabilityZone', value='apne2-az1'}, Tag{name='diskState', value='READY'}, Tag{name='nodeType', value='ELECTABLE'}, Tag{name='provider', value='AWS'}, Tag{name='region', value='AP_NORTHEAST_2'}, Tag{name='workloadType', value='OPERATIONAL'}]}, electionId=null, setVersion=15, topologyVersion=TopologyVersion{processId=68485792340d27ab5ca1fdf5, counter=4}, lastWriteDate=Thu Jun 12 04:30:52 KST 2025, lastUpdateTimeNanos=89469770111500}
2025-06-12 04:30:52.222 [cluster-ClusterId{value='6849d96b3137a4b07eaf6925', description='Cluster0'}-cluster0-shard-00-02.kngkt.mongodb.net:27017] INFO  org.mongodb.driver.cluster - Monitor thread successfully connected to server with description ServerDescription{address=cluster0-shard-00-02.kngkt.mongodb.net:27017, type=REPLICA_SET_SECONDARY, cryptd=false, state=CONNECTED, ok=true, minWireVersion=0, maxWireVersion=25, maxDocumentSize=16777216, logicalSessionTimeoutMinutes=30, roundTripTimeNanos=143059750, minRoundTripTimeNanos=0, setName='atlas-ln598u-shard-0', canonicalAddress=cluster0-shard-00-02.kngkt.mongodb.net:27017, hosts=[cluster0-shard-00-01.kngkt.mongodb.net:27017, cluster0-shard-00-02.kngkt.mongodb.net:27017, cluster0-shard-00-00.kngkt.mongodb.net:27017], passives=[], arbiters=[], primary='cluster0-shard-00-01.kngkt.mongodb.net:27017', tagSet=TagSet{[Tag{name='availabilityZone', value='apne2-az2'}, Tag{name='diskState', value='READY'}, Tag{name='nodeType', value='ELECTABLE'}, Tag{name='provider', value='AWS'}, Tag{name='region', value='AP_NORTHEAST_2'}, Tag{name='workloadType', value='OPERATIONAL'}]}, electionId=null, setVersion=15, topologyVersion=TopologyVersion{processId=6848583629087c1a612396e4, counter=3}, lastWriteDate=Thu Jun 12 04:30:52 KST 2025, lastUpdateTimeNanos=89469770111500}
2025-06-12 04:30:52.223 [cluster-ClusterId{value='6849d96b3137a4b07eaf6925', description='Cluster0'}-cluster0-shard-00-01.kngkt.mongodb.net:27017] INFO  org.mongodb.driver.cluster - Discovered replica set primary cluster0-shard-00-01.kngkt.mongodb.net:27017 with max election id 7fffffff00000000000000de and max set version 15
2025-06-12 04:30:52.588 [Test worker] WARN  o.s.b.a.o.j.JpaBaseConfiguration$JpaWebConfiguration - spring.jpa.open-in-view is enabled by default. Therefore, database queries may be performed during view rendering. Explicitly configure spring.jpa.open-in-view to disable this warning
2025-06-12 04:30:52.605 [Test worker] WARN  o.s.b.a.s.s.UserDetailsServiceAutoConfiguration - 

Using generated security password: 16e9c11f-88b1-4080-aa8c-6eff8eedf326

This generated password is for development use only. Your security configuration must be updated before running your application in production.

2025-06-12 04:30:52.608 [Test worker] INFO  o.s.s.c.a.a.c.InitializeUserDetailsBeanManagerConfigurer$InitializeUserDetailsManagerConfigurer - Global AuthenticationManager configured with UserDetailsService bean with name inMemoryUserDetailsManager
2025-06-12 04:30:52.796 [Test worker] INFO  o.s.b.a.e.web.EndpointLinksResolver - Exposing 13 endpoints beneath base path '/actuator'
2025-06-12 04:30:53.009 [Test worker] INFO  c.s.server.ServerApplicationTests - Started ServerApplicationTests in 3.01 seconds (process running for 3.553)
]]></system-out>
  <system-err><![CDATA[Mockito is currently self-attaching to enable the inline-mock-maker. This will no longer work in future releases of the JDK. Please add Mockito as an agent to your build as described in Mockito's documentation: https://javadoc.io/doc/org.mockito/mockito-core/latest/org.mockito/org/mockito/Mockito.html#0.3
WARNING: A Java agent has been loaded dynamically (/Users/sinminseok12/.gradle/caches/modules-2/files-2.1/net.bytebuddy/byte-buddy-agent/1.17.5/58f9507f5f28d1d3e7adfb4ec2fe37c29d332c9b/byte-buddy-agent-1.17.5.jar)
WARNING: If a serviceability tool is in use, please run with -XX:+EnableDynamicAgentLoading to hide this warning
WARNING: If a serviceability tool is not in use, please run with -Djdk.instrument.traceUsage for more information
WARNING: Dynamic loading of agents will be disallowed by default in a future release
]]></system-err>
</testsuite>
